<?xml version="1.0" encoding="UTF-8"?>
<testsuite name="powerpackage.PowerFinderTest" tests="4" skipped="0" failures="0" errors="0" timestamp="2024-04-16T10:12:28" hostname="JAGGU985" time="0.003">
  <properties/>
  <testcase name="shouldReturnOneWhenOneRaisedToOne" classname="powerpackage.PowerFinderTest" time="0.002"/>
  <testcase name="shouldReturnFourWhenTwoRaisedTwo" classname="powerpackage.PowerFinderTest" time="0.0"/>
  <testcase name="shouldReturnNineWhenThreeRaisedToTwo" classname="powerpackage.PowerFinderTest" time="0.0"/>
  <testcase name="shouldReturnTwoWhenTwoRaisedToOne" classname="powerpackage.PowerFinderTest" time="0.0"/>
  <system-out><![CDATA[]]></system-out>
  <system-err><![CDATA[]]></system-err>
</testsuite>
